2008-11-13 10:45:00;写日志文件不成功;过程:该进程无法访问文件“D:\Sys_SourceCode\通用2008版\NewCenter\GPRS数据接收程序\Lh-Gprs\bin\Debug\Err-TcpThread_.log”，因为该文件正由另一进程使用。;   at System.IO.__Error.WinIOError(Int32 errorCode, String str)
   at System.IO.FileStream..ctor(String path, FileMode mode, FileAccess access, FileShare share, Int32 bufferSize, Boolean useAsync, String msgPath, Boolean bFromProxy)
   at System.IO.FileStream..ctor(String path, FileMode mode, FileAccess access, FileShare share, Int32 bufferSize)
   at System.IO.StreamWriter.CreateFile(String path, Boolean append)
   at System.IO.StreamWriter..ctor(String path, Boolean append, Encoding encoding, Int32 bufferSize)
   at System.IO.StreamWriter..ctor(String path, Boolean append)
   at GprsServer.GprsServer.WriteErrLog(String errSubName, String errNote) in d:\sys_sourcecode\通用2008版\newcenter\gprs数据接收程序\lh-gprs\gprsserver.cs:line 2075
2008-11-13 10:45:00;写日志文件不成功;过程:该进程无法访问文件“D:\Sys_SourceCode\通用2008版\NewCenter\GPRS数据接收程序\Lh-Gprs\bin\Debug\Err-TcpThread_.log”，因为该文件正由另一进程使用。;   at System.IO.__Error.WinIOError(Int32 errorCode, String str)
   at System.IO.FileStream..ctor(String path, FileMode mode, FileAccess access, FileShare share, Int32 bufferSize, Boolean useAsync, String msgPath, Boolean bFromProxy)
   at System.IO.FileStream..ctor(String path, FileMode mode, FileAccess access, FileShare share, Int32 bufferSize)
   at System.IO.StreamWriter.CreateFile(String path, Boolean append)
   at System.IO.StreamWriter..ctor(String path, Boolean append, Encoding encoding, Int32 bufferSize)
   at System.IO.StreamWriter..ctor(String path, Boolean append)
   at GprsServer.GprsServer.WriteErrLog(String errSubName, String errNote) in d:\sys_sourcecode\通用2008版\newcenter\gprs数据接收程序\lh-gprs\gprsserver.cs:line 2075
2008-11-13 10:45:01;写日志文件不成功;过程:该进程无法访问文件“D:\Sys_SourceCode\通用2008版\NewCenter\GPRS数据接收程序\Lh-Gprs\bin\Debug\Err-TcpThread_.log”，因为该文件正由另一进程使用。;   at System.IO.__Error.WinIOError(Int32 errorCode, String str)
   at System.IO.FileStream..ctor(String path, FileMode mode, FileAccess access, FileShare share, Int32 bufferSize, Boolean useAsync, String msgPath, Boolean bFromProxy)
   at System.IO.FileStream..ctor(String path, FileMode mode, FileAccess access, FileShare share, Int32 bufferSize)
   at System.IO.StreamWriter.CreateFile(String path, Boolean append)
   at System.IO.StreamWriter..ctor(String path, Boolean append, Encoding encoding, Int32 bufferSize)
   at System.IO.StreamWriter..ctor(String path, Boolean append)
   at GprsServer.GprsServer.WriteErrLog(String errSubName, String errNote) in d:\sys_sourcecode\通用2008版\newcenter\gprs数据接收程序\lh-gprs\gprsserver.cs:line 2075
2008-11-13 10:45:01;写日志文件不成功;过程:该进程无法访问文件“D:\Sys_SourceCode\通用2008版\NewCenter\GPRS数据接收程序\Lh-Gprs\bin\Debug\Err-TcpThread_.log”，因为该文件正由另一进程使用。;   at System.IO.__Error.WinIOError(Int32 errorCode, String str)
   at System.IO.FileStream..ctor(String path, FileMode mode, FileAccess access, FileShare share, Int32 bufferSize, Boolean useAsync, String msgPath, Boolean bFromProxy)
   at System.IO.FileStream..ctor(String path, FileMode mode, FileAccess access, FileShare share, Int32 bufferSize)
   at System.IO.StreamWriter.CreateFile(String path, Boolean append)
   at System.IO.StreamWriter..ctor(String path, Boolean append, Encoding encoding, Int32 bufferSize)
   at System.IO.StreamWriter..ctor(String path, Boolean append)
   at GprsServer.GprsServer.WriteErrLog(String errSubName, String errNote) in d:\sys_sourcecode\通用2008版\newcenter\gprs数据接收程序\lh-gprs\gprsserver.cs:line 2075
2008-11-13 10:45:04;写日志文件不成功;过程:该进程无法访问文件“D:\Sys_SourceCode\通用2008版\NewCenter\GPRS数据接收程序\Lh-Gprs\bin\Debug\Err-TcpThread_.log”，因为该文件正由另一进程使用。;   at System.IO.__Error.WinIOError(Int32 errorCode, String str)
   at System.IO.FileStream..ctor(String path, FileMode mode, FileAccess access, FileShare share, Int32 bufferSize, Boolean useAsync, String msgPath, Boolean bFromProxy)
   at System.IO.FileStream..ctor(String path, FileMode mode, FileAccess access, FileShare share, Int32 bufferSize)
   at System.IO.StreamWriter.CreateFile(String path, Boolean append)
   at System.IO.StreamWriter..ctor(String path, Boolean append, Encoding encoding, Int32 bufferSize)
   at System.IO.StreamWriter..ctor(String path, Boolean append)
   at GprsServer.GprsServer.WriteErrLog(String errSubName, String errNote) in d:\sys_sourcecode\通用2008版\newcenter\gprs数据接收程序\lh-gprs\gprsserver.cs:line 2075
2008-11-13 10:45:04;写日志文件不成功;过程:该进程无法访问文件“D:\Sys_SourceCode\通用2008版\NewCenter\GPRS数据接收程序\Lh-Gprs\bin\Debug\Err-TcpThread_.log”，因为该文件正由另一进程使用。;   at System.IO.__Error.WinIOError(Int32 errorCode, String str)
   at System.IO.FileStream..ctor(String path, FileMode mode, FileAccess access, FileShare share, Int32 bufferSize, Boolean useAsync, String msgPath, Boolean bFromProxy)
   at System.IO.FileStream..ctor(String path, FileMode mode, FileAccess access, FileShare share, Int32 bufferSize)
   at System.IO.StreamWriter.CreateFile(String path, Boolean append)
   at System.IO.StreamWriter..ctor(String path, Boolean append, Encoding encoding, Int32 bufferSize)
   at System.IO.StreamWriter..ctor(String path, Boolean append)
   at GprsServer.GprsServer.WriteErrLog(String errSubName, String errNote) in d:\sys_sourcecode\通用2008版\newcenter\gprs数据接收程序\lh-gprs\gprsserver.cs:line 2075
2008-11-13 10:45:04;写日志文件不成功;过程:该进程无法访问文件“D:\Sys_SourceCode\通用2008版\NewCenter\GPRS数据接收程序\Lh-Gprs\bin\Debug\Err-TcpThread_.log”，因为该文件正由另一进程使用。;   at System.IO.__Error.WinIOError(Int32 errorCode, String str)
   at System.IO.FileStream..ctor(String path, FileMode mode, FileAccess access, FileShare share, Int32 bufferSize, Boolean useAsync, String msgPath, Boolean bFromProxy)
   at System.IO.FileStream..ctor(String path, FileMode mode, FileAccess access, FileShare share, Int32 bufferSize)
   at System.IO.StreamWriter.CreateFile(String path, Boolean append)
   at System.IO.StreamWriter..ctor(String path, Boolean append, Encoding encoding, Int32 bufferSize)
   at System.IO.StreamWriter..ctor(String path, Boolean append)
   at GprsServer.GprsServer.WriteErrLog(String errSubName, String errNote) in d:\sys_sourcecode\通用2008版\newcenter\gprs数据接收程序\lh-gprs\gprsserver.cs:line 2075
2008-11-13 10:45:04;写日志文件不成功;过程:该进程无法访问文件“D:\Sys_SourceCode\通用2008版\NewCenter\GPRS数据接收程序\Lh-Gprs\bin\Debug\Err-TcpThread_.log”，因为该文件正由另一进程使用。;   at System.IO.__Error.WinIOError(Int32 errorCode, String str)
   at System.IO.FileStream..ctor(String path, FileMode mode, FileAccess access, FileShare share, Int32 bufferSize, Boolean useAsync, String msgPath, Boolean bFromProxy)
   at System.IO.FileStream..ctor(String path, FileMode mode, FileAccess access, FileShare share, Int32 bufferSize)
   at System.IO.StreamWriter.CreateFile(String path, Boolean append)
   at System.IO.StreamWriter..ctor(String path, Boolean append, Encoding encoding, Int32 bufferSize)
   at System.IO.StreamWriter..ctor(String path, Boolean append)
   at GprsServer.GprsServer.WriteErrLog(String errSubName, String errNote) in d:\sys_sourcecode\通用2008版\newcenter\gprs数据接收程序\lh-gprs\gprsserver.cs:line 2075
2008-11-13 10:45:04;写日志文件不成功;过程:该进程无法访问文件“D:\Sys_SourceCode\通用2008版\NewCenter\GPRS数据接收程序\Lh-Gprs\bin\Debug\Err-TcpThread_.log”，因为该文件正由另一进程使用。;   at System.IO.__Error.WinIOError(Int32 errorCode, String str)
   at System.IO.FileStream..ctor(String path, FileMode mode, FileAccess access, FileShare share, Int32 bufferSize, Boolean useAsync, String msgPath, Boolean bFromProxy)
   at System.IO.FileStream..ctor(String path, FileMode mode, FileAccess access, FileShare share, Int32 bufferSize)
   at System.IO.StreamWriter.CreateFile(String path, Boolean append)
   at System.IO.StreamWriter..ctor(String path, Boolean append, Encoding encoding, Int32 bufferSize)
   at System.IO.StreamWriter..ctor(String path, Boolean append)
   at GprsServer.GprsServer.WriteErrLog(String errSubName, String errNote) in d:\sys_sourcecode\通用2008版\newcenter\gprs数据接收程序\lh-gprs\gprsserver.cs:line 2075
2008-11-13 10:45:04;写日志文件不成功;过程:该进程无法访问文件“D:\Sys_SourceCode\通用2008版\NewCenter\GPRS数据接收程序\Lh-Gprs\bin\Debug\Err-TcpThread_.log”，因为该文件正由另一进程使用。;   at System.IO.__Error.WinIOError(Int32 errorCode, String str)
   at System.IO.FileStream..ctor(String path, FileMode mode, FileAccess access, FileShare share, Int32 bufferSize, Boolean useAsync, String msgPath, Boolean bFromProxy)
   at System.IO.FileStream..ctor(String path, FileMode mode, FileAccess access, FileShare share, Int32 bufferSize)
   at System.IO.StreamWriter.CreateFile(String path, Boolean append)
   at System.IO.StreamWriter..ctor(String path, Boolean append, Encoding encoding, Int32 bufferSize)
   at System.IO.StreamWriter..ctor(String path, Boolean append)
   at GprsServer.GprsServer.WriteErrLog(String errSubName, String errNote) in d:\sys_sourcecode\通用2008版\newcenter\gprs数据接收程序\lh-gprs\gprsserver.cs:line 2075
